<?xml version="1.0" encoding="UTF-8"?>
<!-- Generated by org.testng.reporters.JUnitXMLReporter -->
<testsuite hostname="DESKTOP-H0SHG5R" ignored="0" name="Test" tests="3" failures="0" timestamp="2022-10-15T03:29:23 IST" time="10.342" errors="0">
  <testcase name="ResponseProductId" time="0.008" classname="tests.TestApp"/>
  <testcase name="ResponseProductIdFalse" time="0.002" classname="tests.TestApp"/>
  <testcase name="Test1" time="10.291" classname="tests.TestApp"/>
</testsuite> <!-- Test -->
