<?xml version="1.0" encoding="UTF-8"?>
<testng-results skipped="0" failed="0" ignored="0" total="3" passed="3">
  <reporter-output>
  </reporter-output>
  <suite name="Suite" duration-ms="5496" started-at="2022-10-14T22:01:12Z" finished-at="2022-10-14T22:01:18Z">
    <groups>
    </groups>
    <test name="Test" duration-ms="5496" started-at="2022-10-14T22:01:12Z" finished-at="2022-10-14T22:01:18Z">
      <class name="tests.TestApp">
        <test-method status="PASS" signature="ResponseProductId()[pri:0, instance:tests.TestApp@57175e74]" name="ResponseProductId" duration-ms="8" started-at="2022-10-14T22:01:12Z" finished-at="2022-10-14T22:01:12Z">
          <reporter-output>
          </reporter-output>
        </test-method> <!-- ResponseProductId -->
        <test-method status="PASS" signature="ResponseProductIdFalse()[pri:0, instance:tests.TestApp@57175e74]" name="ResponseProductIdFalse" duration-ms="1" started-at="2022-10-14T22:01:12Z" finished-at="2022-10-14T22:01:12Z">
          <reporter-output>
          </reporter-output>
        </test-method> <!-- ResponseProductIdFalse -->
        <test-method status="PASS" signature="Test1()[pri:0, instance:tests.TestApp@57175e74]" name="Test1" duration-ms="5461" started-at="2022-10-14T22:01:12Z" finished-at="2022-10-14T22:01:18Z">
          <reporter-output>
          </reporter-output>
        </test-method> <!-- Test1 -->
      </class> <!-- tests.TestApp -->
    </test> <!-- Test -->
  </suite> <!-- Suite -->
</testng-results>
